{"contracts\\Raffle.sol":{"l":{"59":3,"60":3,"61":3,"62":3,"63":3,"64":3,"65":3,"66":3,"71":5,"72":1,"75":4,"76":1,"79":3,"82":3,"105":1,"106":1,"107":1,"108":1,"109":1,"110":1,"118":1,"120":1,"121":0,"127":1,"128":1,"136":1,"146":0,"147":0,"148":0,"149":0,"150":0,"151":0,"152":0,"153":0,"154":0,"156":0,"161":5,"165":1,"169":0,"173":1,"178":0,"182":0,"186":0,"191":0,"195":6},"path":"C:\\Users\\benjb\\Projects\\hardhat-smartcontract-lottery-fcc\\contracts\\Raffle.sol","s":{"1":3,"2":3,"3":3,"4":3,"5":3,"6":3,"7":3,"8":3,"9":5,"10":4,"11":3,"12":3,"13":1,"14":1,"15":1,"16":1,"17":1,"18":1,"19":1,"20":1,"21":1,"22":1,"23":1,"24":0,"25":0,"26":0,"27":0,"28":0,"29":0,"30":0,"31":0,"32":0,"33":5,"34":1,"35":0,"36":1,"37":0,"38":0,"39":0,"40":0,"41":6},"b":{"1":[1,4],"2":[1,3],"3":[0,1],"4":[0,0]},"f":{"1":3,"2":5,"3":1,"4":1,"5":0,"6":5,"7":1,"8":0,"9":1,"10":0,"11":0,"12":0,"13":0,"14":6},"fnMap":{"1":{"name":"constructor","line":58,"loc":{"start":{"line":51,"column":2},"end":{"line":67,"column":2}}},"2":{"name":"enterRaffle","line":69,"loc":{"start":{"line":69,"column":2},"end":{"line":83,"column":2}}},"3":{"name":"checkUpkeep","line":94,"loc":{"start":{"line":94,"column":2},"end":{"line":111,"column":2}}},"4":{"name":"performUpkeep","line":115,"loc":{"start":{"line":115,"column":2},"end":{"line":137,"column":2}}},"5":{"name":"fulfillRandomWords","line":139,"loc":{"start":{"line":139,"column":2},"end":{"line":157,"column":2}}},"6":{"name":"getEntranceFee","line":160,"loc":{"start":{"line":160,"column":2},"end":{"line":162,"column":2}}},"7":{"name":"getPlayer","line":164,"loc":{"start":{"line":164,"column":2},"end":{"line":166,"column":2}}},"8":{"name":"getRecentWinner","line":168,"loc":{"start":{"line":168,"column":2},"end":{"line":170,"column":2}}},"9":{"name":"getRaffleState","line":172,"loc":{"start":{"line":172,"column":2},"end":{"line":174,"column":2}}},"10":{"name":"getNumWords","line":176,"loc":{"start":{"line":176,"column":2},"end":{"line":179,"column":2}}},"11":{"name":"getNumberofPlayers","line":181,"loc":{"start":{"line":181,"column":2},"end":{"line":183,"column":2}}},"12":{"name":"getLatestTimeStamp","line":185,"loc":{"start":{"line":185,"column":2},"end":{"line":187,"column":2}}},"13":{"name":"getRequestConfirmations","line":189,"loc":{"start":{"line":189,"column":2},"end":{"line":192,"column":2}}},"14":{"name":"getInterval","line":194,"loc":{"start":{"line":194,"column":2},"end":{"line":196,"column":2}}}},"statementMap":{"1":{"start":{"line":59,"column":4},"end":{"line":59,"column":30}},"2":{"start":{"line":60,"column":4},"end":{"line":60,"column":65}},"3":{"start":{"line":61,"column":4},"end":{"line":61,"column":22}},"4":{"start":{"line":62,"column":4},"end":{"line":62,"column":36}},"5":{"start":{"line":63,"column":4},"end":{"line":63,"column":40}},"6":{"start":{"line":64,"column":4},"end":{"line":64,"column":35}},"7":{"start":{"line":65,"column":4},"end":{"line":65,"column":36}},"8":{"start":{"line":66,"column":4},"end":{"line":66,"column":24}},"9":{"start":{"line":71,"column":4},"end":{"line":71,"column":2350}},"10":{"start":{"line":75,"column":4},"end":{"line":75,"column":2442}},"11":{"start":{"line":79,"column":4},"end":{"line":79,"column":38}},"12":{"start":{"line":82,"column":4},"end":{"line":82,"column":32}},"13":{"start":{"line":105,"column":4},"end":{"line":105,"column":51}},"14":{"start":{"line":106,"column":4},"end":{"line":106,"column":72}},"15":{"start":{"line":107,"column":4},"end":{"line":107,"column":42}},"16":{"start":{"line":108,"column":4},"end":{"line":108,"column":47}},"17":{"start":{"line":109,"column":4},"end":{"line":109,"column":68}},"18":{"start":{"line":110,"column":4},"end":{"line":110,"column":32}},"19":{"start":{"line":118,"column":4},"end":{"line":118,"column":43}},"20":{"start":{"line":120,"column":4},"end":{"line":120,"column":3960}},"21":{"start":{"line":127,"column":4},"end":{"line":127,"column":42}},"22":{"start":{"line":128,"column":4},"end":{"line":128,"column":4180}},"23":{"start":{"line":136,"column":4},"end":{"line":136,"column":41}},"24":{"start":{"line":146,"column":4},"end":{"line":146,"column":61}},"25":{"start":{"line":147,"column":4},"end":{"line":147,"column":59}},"26":{"start":{"line":148,"column":4},"end":{"line":148,"column":32}},"27":{"start":{"line":149,"column":4},"end":{"line":149,"column":35}},"28":{"start":{"line":150,"column":4},"end":{"line":150,"column":39}},"29":{"start":{"line":151,"column":4},"end":{"line":151,"column":36}},"30":{"start":{"line":152,"column":4},"end":{"line":152,"column":74}},"31":{"start":{"line":153,"column":4},"end":{"line":153,"column":5007}},"32":{"start":{"line":156,"column":4},"end":{"line":156,"column":35}},"33":{"start":{"line":161,"column":4},"end":{"line":161,"column":24}},"34":{"start":{"line":165,"column":4},"end":{"line":165,"column":27}},"35":{"start":{"line":169,"column":4},"end":{"line":169,"column":25}},"36":{"start":{"line":173,"column":4},"end":{"line":173,"column":24}},"37":{"start":{"line":178,"column":4},"end":{"line":178,"column":20}},"38":{"start":{"line":182,"column":4},"end":{"line":182,"column":27}},"39":{"start":{"line":186,"column":4},"end":{"line":186,"column":26}},"40":{"start":{"line":191,"column":4},"end":{"line":191,"column":32}},"41":{"start":{"line":195,"column":4},"end":{"line":195,"column":21}}},"branchMap":{"1":{"line":71,"type":"if","locations":[{"start":{"line":71,"column":4},"end":{"line":71,"column":4}},{"start":{"line":71,"column":4},"end":{"line":71,"column":4}}]},"2":{"line":75,"type":"if","locations":[{"start":{"line":75,"column":4},"end":{"line":75,"column":4}},{"start":{"line":75,"column":4},"end":{"line":75,"column":4}}]},"3":{"line":120,"type":"if","locations":[{"start":{"line":120,"column":4},"end":{"line":120,"column":4}},{"start":{"line":120,"column":4},"end":{"line":120,"column":4}}]},"4":{"line":153,"type":"if","locations":[{"start":{"line":153,"column":4},"end":{"line":153,"column":4}},{"start":{"line":153,"column":4},"end":{"line":153,"column":4}}]}}},"contracts\\test\\VRFCoordinatorV2Mock.sol":{"l":{},"path":"C:\\Users\\benjb\\Projects\\hardhat-smartcontract-lottery-fcc\\contracts\\test\\VRFCoordinatorV2Mock.sol","s":{},"b":{},"f":{},"fnMap":{},"statementMap":{},"branchMap":{}}}